<?xml version="1.0" encoding="utf-8"?><testsuites name="pytest tests"><testsuite name="pytest" errors="0" failures="2" skipped="0" tests="24" time="16.004" timestamp="2026-08-06T10:54:59.911478+00:00" hostname="agent-env-4671fdba-33c6-4514-8e13-b1dd1998dfa7"><testcase classname="backend.tests.test_fix_files_and_interview" name="test_list_fix_files" time="0.286" /><testcase classname="backend.tests.test_fix_files_and_interview" name="test_app_json_content" time="0.144" /><testcase classname="backend.tests.test_fix_files_and_interview" name="test_sync_ui_fix_ps1_bom_and_ascii" time="0.133" /><testcase classname="backend.tests.test_fix_files_and_interview" name="test_withAndroidBuildFixes_plugin" time="0.134" /><testcase classname="backend.tests.test_fix_files_and_interview" name="test_unknown_file_returns_404" time="0.133" /><testcase classname="backend.tests.test_fix_files_and_interview" name="test_fix_file_reachable[useScreenInsets.ts]" time="0.132" /><testcase classname="backend.tests.test_fix_files_and_interview" name="test_fix_file_reachable[aiService.ts]" time="0.156" /><testcase classname="backend.tests.test_fix_files_and_interview" name="test_fix_file_reachable[ScreenContainer.tsx]" time="0.144" /><testcase classname="backend.tests.test_fix_files_and_interview" name="test_fix_file_reachable[HomeScreen.tsx]" time="0.168" /><testcase classname="backend.tests.test_fix_files_and_interview" name="test_fix_file_reachable[AITutorScreen.tsx]" time="0.141" /><testcase classname="backend.tests.test_fix_files_and_interview" name="test_fix_file_reachable[SpeakingPracticeScreen.tsx]" time="0.149" /><testcase classname="backend.tests.test_fix_files_and_interview" name="test_fix_file_reachable[InterviewCoachScreen.tsx]" time="0.204" /><testcase classname="backend.tests.test_fix_files_and_interview" name="test_fix_file_reachable[LiveInterviewScreen.tsx]" time="0.132" /><testcase classname="backend.tests.test_fix_files_and_interview" name="test_fix_file_reachable[PremiumScreen.tsx]" time="0.143" /><testcase classname="backend.tests.test_fix_files_and_interview" name="test_fix_file_reachable[ResumeUploadScreen.tsx]" time="0.163" /><testcase classname="backend.tests.test_fix_files_and_interview" name="test_fix_file_reachable[ResumeInterviewScreen.tsx]" time="0.132" /><testcase classname="backend.tests.test_fix_files_and_interview" name="test_fix_file_reachable[RoadmapScreen.tsx]" time="0.134" /><testcase classname="backend.tests.test_fix_files_and_interview" name="test_fix_file_reachable[CompanionsScreen.tsx]" time="0.140" /><testcase classname="backend.tests.test_fix_files_and_interview" name="test_fix_file_reachable[TmayTrainerScreen.tsx]" time="0.216" /><testcase classname="backend.tests.test_fix_files_and_interview" name="test_fix_file_reachable[FlashcardsScreen.tsx]" time="0.150" /><testcase classname="backend.tests.test_fix_files_and_interview" name="test_openapi_interview_eval_shape" time="0.158"><failure message="assert 404 == 200&#10; +  where 404 = &lt;Response [404]&gt;.status_code">backend/tests/test_fix_files_and_interview.py:87: in test_openapi_interview_eval_shape
    assert r.status_code == 200
E   assert 404 == 200
E    +  where 404 = &lt;Response [404]&gt;.status_code</failure></testcase><testcase classname="backend.tests.test_fix_files_and_interview" name="test_openapi_interview_live_shape" time="0.128"><failure message="assert 404 == 200&#10; +  where 404 = &lt;Response [404]&gt;.status_code">backend/tests/test_fix_files_and_interview.py:100: in test_openapi_interview_live_shape
    assert r.status_code == 200
E   assert 404 == 200
E    +  where 404 = &lt;Response [404]&gt;.status_code</failure></testcase><testcase classname="backend.tests.test_fix_files_and_interview" name="test_interview_evaluate_live" time="7.804" /><testcase classname="backend.tests.test_fix_files_and_interview" name="test_interview_live_endpoint" time="4.657" /></testsuite></testsuites>