<?xml version="1.0" encoding="utf-8"?><testsuites name="pytest tests"><testsuite name="pytest" errors="0" failures="0" skipped="0" tests="19" time="4.520" timestamp="2026-09-17T16:54:46.023608+00:00" hostname="agent-env-4671fdba-33c6-4514-8e13-b1dd1998dfa7"><testcase classname="backend.tests.test_iter23_premium_plans.TestPricing" name="test_pricing_returns_200_with_new_skus" time="0.382" /><testcase classname="backend.tests.test_iter23_premium_plans.TestPricing" name="test_pricing_plans_structure" time="0.093" /><testcase classname="backend.tests.test_iter23_premium_plans.TestPricing" name="test_monthly_has_3_locked_features" time="0.093" /><testcase classname="backend.tests.test_iter23_premium_plans.TestPricing" name="test_yearly_all_included" time="0.083" /><testcase classname="backend.tests.test_iter23_premium_plans.TestPricing" name="test_yearly_badge_best_value" time="0.081" /><testcase classname="backend.tests.test_iter23_premium_plans.TestPricing" name="test_lifetime_badge_save_forever" time="0.084" /><testcase classname="backend.tests.test_iter23_premium_plans.TestPricing" name="test_cta_strings_exact" time="0.082" /><testcase classname="backend.tests.test_iter23_premium_plans.TestSubscriptionVerify" name="test_premium_monthly_returns_plan_monthly" time="0.090" /><testcase classname="backend.tests.test_iter23_premium_plans.TestSubscriptionVerify" name="test_premium_yearly_returns_plan_yearly" time="0.082" /><testcase classname="backend.tests.test_iter23_premium_plans.TestSubscriptionVerify" name="test_premium_lifetime_returns_plan_lifetime_far_future" time="0.123" /><testcase classname="backend.tests.test_iter23_premium_plans.TestSubscriptionVerify" name="test_old_sku_rejected" time="0.095" /><testcase classname="backend.tests.test_iter23_premium_plans.TestLegacyMigration" name="test_stale_skus_are_migrated" time="0.122" /><testcase classname="backend.tests.test_iter23_premium_plans.TestRegression" name="test_quota" time="0.148" /><testcase classname="backend.tests.test_iter23_premium_plans.TestRegression" name="test_rewarded_claim_no_user" time="0.086" /><testcase classname="backend.tests.test_iter23_premium_plans.TestRegression" name="test_rewarded_claim_premium_no_bonus" time="0.092" /><testcase classname="backend.tests.test_iter23_premium_plans.TestRegression" name="test_rewarded_ssv_missing_params" time="0.084" /><testcase classname="backend.tests.test_iter23_premium_plans.TestRegression" name="test_legal_privacy" time="0.088" /><testcase classname="backend.tests.test_iter23_premium_plans.TestRegression" name="test_legal_data_deletion" time="0.085" /><testcase classname="backend.tests.test_iter23_premium_plans.TestRegression" name="test_tutor_chat_smoke" time="2.299" /></testsuite></testsuites>