<?xml version="1.0" encoding="utf-8"?><testsuites name="pytest tests"><testsuite name="pytest" errors="0" failures="0" skipped="0" tests="19" time="0.627" timestamp="2026-09-17T01:07:00.645061+00:00" hostname="agent-env-4671fdba-33c6-4514-8e13-b1dd1998dfa7"><testcase classname="backend.tests.test_subscription_verify_hardening.TestFallbackTrustMode" name="test_env_not_configured" time="0.000" /><testcase classname="backend.tests.test_subscription_verify_hardening.TestFallbackTrustMode" name="test_verify_returns_unverified_source_monthly" time="0.054" /><testcase classname="backend.tests.test_subscription_verify_hardening.TestFallbackTrustMode" name="test_verify_yearly_and_lifetime_source" time="0.091" /><testcase classname="backend.tests.test_subscription_verify_hardening.TestFallbackTrustMode" name="test_restore_returns_same_source" time="0.090" /><testcase classname="backend.tests.test_subscription_verify_hardening.TestValidation" name="test_missing_user_id" time="0.045" /><testcase classname="backend.tests.test_subscription_verify_hardening.TestValidation" name="test_empty_purchase_token" time="0.045" /><testcase classname="backend.tests.test_subscription_verify_hardening.TestValidation" name="test_unknown_product" time="0.003" /><testcase classname="backend.tests.test_subscription_verify_hardening.TestPlayVerifierModule" name="test_import_and_build_client_none_without_env" time="0.002" /><testcase classname="backend.tests.test_subscription_verify_hardening.TestPlayVerifierModule" name="test_verify_purchase_returns_none_without_env" time="0.001" /><testcase classname="backend.tests.test_subscription_verify_hardening.TestPlayVerifierModule" name="test_malformed_json_env_falls_back" time="0.170" /><testcase classname="backend.tests.test_subscription_verify_hardening.TestPlayVerifierModule" name="test_verify_purchase_uses_fake_client_subscription" time="0.001" /><testcase classname="backend.tests.test_subscription_verify_hardening.TestPlayVerifierModule" name="test_verify_purchase_uses_fake_client_product" time="0.001" /><testcase classname="backend.tests.test_subscription_verify_hardening.TestPlayVerifierModule" name="test_verify_purchase_httperror_raises_valueerror" time="0.001" /><testcase classname="backend.tests.test_subscription_verify_hardening.TestRegression" name="test_pricing" time="0.004" /><testcase classname="backend.tests.test_subscription_verify_hardening.TestRegression" name="test_quota_free_user" time="0.011" /><testcase classname="backend.tests.test_subscription_verify_hardening.TestRegression" name="test_rewarded_claim_grants" time="0.005" /><testcase classname="backend.tests.test_subscription_verify_hardening.TestRegression" name="test_rewarded_claim_premium" time="0.002" /><testcase classname="backend.tests.test_subscription_verify_hardening.TestRegression" name="test_legal_privacy" time="0.002" /><testcase classname="backend.tests.test_subscription_verify_hardening.TestRegression" name="test_legal_data_deletion" time="0.002" /></testsuite></testsuites>