<?xml version="1.0" encoding="utf-8"?><testsuites name="pytest tests"><testsuite name="pytest" errors="0" failures="0" skipped="0" tests="19" time="1.839" timestamp="2026-09-17T17:07:52.195492+00:00" hostname="agent-env-4671fdba-33c6-4514-8e13-b1dd1998dfa7"><testcase classname="tests.test_iter24_plan_quota_enforcement.TestPricing" name="test_monthly_trial_days_and_cta" time="0.220" /><testcase classname="tests.test_iter24_plan_quota_enforcement.TestPricing" name="test_monthly_first_feature_trial" time="0.079" /><testcase classname="tests.test_iter24_plan_quota_enforcement.TestPricing" name="test_yearly_trial_days_none" time="0.086" /><testcase classname="tests.test_iter24_plan_quota_enforcement.TestGetUserActivePlan" name="test_fresh_uid_returns_none" time="0.078" /><testcase classname="tests.test_iter24_plan_quota_enforcement.TestGetUserActivePlan" name="test_after_verify_returns_plan" time="0.093" /><testcase classname="tests.test_iter24_plan_quota_enforcement.TestGetUserActivePlan" name="test_expired_sub_returns_none" time="0.005" /><testcase classname="tests.test_iter24_plan_quota_enforcement.TestQuotaEndpoint" name="test_free_user_tutor_chat_limit_10" time="0.116" /><testcase classname="tests.test_iter24_plan_quota_enforcement.TestQuotaEndpoint" name="test_monthly_premium_caps" time="0.173" /><testcase classname="tests.test_iter24_plan_quota_enforcement.TestQuotaEndpoint" name="test_yearly_premium_caps" time="0.185" /><testcase classname="tests.test_iter24_plan_quota_enforcement.TestQuotaEndpoint" name="test_lifetime_premium_caps" time="0.173" /><testcase classname="tests.test_iter24_plan_quota_enforcement.TestCheckUserQuota" name="test_premium_monthly_31st_call_exceeds" time="0.025" /><testcase classname="tests.test_iter24_plan_quota_enforcement.TestCheckUserQuota" name="test_premium_monthly_within_cap" time="0.006" /><testcase classname="tests.test_iter24_plan_quota_enforcement.TestCheckUserQuota" name="test_premium_no_plan_unlimited_fallback" time="0.001" /><testcase classname="tests.test_iter24_plan_quota_enforcement.TestCheckUserQuota" name="test_auto_plan_lookup_from_db" time="0.126" /><testcase classname="tests.test_iter24_plan_quota_enforcement.TestCheckUserQuota" name="test_free_tier_still_10" time="0.006" /><testcase classname="tests.test_iter24_plan_quota_enforcement.TestRegression" name="test_pricing_skus_unchanged" time="0.092" /><testcase classname="tests.test_iter24_plan_quota_enforcement.TestRegression" name="test_rewarded_premium_no_bonus" time="0.103" /><testcase classname="tests.test_iter24_plan_quota_enforcement.TestRegression" name="test_rewarded_ssv_missing_params" time="0.090" /><testcase classname="tests.test_iter24_plan_quota_enforcement.TestRegression" name="test_verify_unknown_product" time="0.090" /></testsuite></testsuites>