<?xml version="1.0" encoding="utf-8"?><testsuites name="pytest tests"><testsuite name="pytest" errors="0" failures="0" skipped="0" tests="17" time="5.603" timestamp="2026-09-18T08:25:47.531652+00:00" hostname="agent-env-4671fdba-33c6-4514-8e13-b1dd1998dfa7"><testcase classname="backend.tests.test_iter25_billing_security_hardening.TestPricing" name="test_pricing_public_and_skus_present" time="0.326" /><testcase classname="backend.tests.test_iter25_billing_security_hardening.TestPricing" name="test_pricing_plans_object_present" time="0.000" /><testcase classname="backend.tests.test_iter25_billing_security_hardening.TestQuotaAuth" name="test_quota_requires_auth" time="0.072" /><testcase classname="backend.tests.test_iter25_billing_security_hardening.TestQuotaAuth" name="test_quota_ignores_client_premium_header" time="0.099" /><testcase classname="backend.tests.test_iter25_billing_security_hardening.TestSubscriptionStatus" name="test_status_requires_auth" time="0.067" /><testcase classname="backend.tests.test_iter25_billing_security_hardening.TestSubscriptionStatus" name="test_status_fresh_user_no_sub" time="0.069" /><testcase classname="backend.tests.test_iter25_billing_security_hardening.TestVerify" name="test_verify_userA_success" time="0.074" /><testcase classname="backend.tests.test_iter25_billing_security_hardening.TestVerify" name="test_verify_cross_user_replay_blocked" time="0.071" /><testcase classname="backend.tests.test_iter25_billing_security_hardening.TestVerify" name="test_verify_unknown_product" time="0.072" /><testcase classname="backend.tests.test_iter25_billing_security_hardening.TestVerify" name="test_verify_empty_purchase_token" time="0.070" /><testcase classname="backend.tests.test_iter25_billing_security_hardening.TestVerify" name="test_status_userA_now_premium" time="0.068" /><testcase classname="backend.tests.test_iter25_billing_security_hardening.TestRTDN" name="test_rtdn_empty_body_ok" time="0.143" /><testcase classname="backend.tests.test_iter25_billing_security_hardening.TestRTDN" name="test_rtdn_empty_json_ok" time="0.074" /><testcase classname="backend.tests.test_iter25_billing_security_hardening.TestRTDN" name="test_rtdn_canceled_revokes_subscription" time="0.145" /><testcase classname="backend.tests.test_iter25_billing_security_hardening.TestRewardedAuth" name="test_rewarded_claim_requires_auth" time="0.072" /><testcase classname="backend.tests.test_iter25_billing_security_hardening.TestAIPremiumHeaderIgnored" name="test_ai_vocab_lookup_ignores_client_premium_header" time="2.198" /><testcase classname="backend.tests.test_iter25_billing_security_hardening.TestAIPremiumHeaderIgnored" name="test_quota_still_reports_free_after_ai_call" time="1.894" /></testsuite></testsuites>