<?xml version="1.0" encoding="utf-8"?><testsuites name="pytest tests"><testsuite name="pytest" errors="0" failures="0" skipped="0" tests="24" time="11.886" timestamp="2026-09-17T01:17:26.089990+00:00" hostname="agent-env-4671fdba-33c6-4514-8e13-b1dd1998dfa7"><testcase classname="tests.test_admob_ssv_and_roadmap.TestAdmobSsvModule" name="test_parse_custom_data_full" time="0.049" /><testcase classname="tests.test_admob_ssv_and_roadmap.TestAdmobSsvModule" name="test_parse_custom_data_empty" time="0.001" /><testcase classname="tests.test_admob_ssv_and_roadmap.TestAdmobSsvModule" name="test_parse_custom_data_none_safe" time="0.001" /><testcase classname="tests.test_admob_ssv_and_roadmap.TestAdmobSsvModule" name="test_parse_custom_data_malformed_tokens_ignored" time="0.001" /><testcase classname="tests.test_admob_ssv_and_roadmap.TestAdmobSsvModule" name="test_canonical_message_strips_signature" time="0.000" /><testcase classname="tests.test_admob_ssv_and_roadmap.TestAdmobSsvModule" name="test_canonical_message_no_signature_marker" time="0.000" /><testcase classname="tests.test_admob_ssv_and_roadmap.TestAdmobSsvModule" name="test_canonical_message_signature_at_start" time="0.000" /><testcase classname="tests.test_admob_ssv_and_roadmap.TestSsvHttpErrors" name="test_ssv_no_params_returns_400_missing_params" time="0.004" /><testcase classname="tests.test_admob_ssv_and_roadmap.TestSsvHttpErrors" name="test_ssv_missing_key_id_returns_400" time="0.042" /><testcase classname="tests.test_admob_ssv_and_roadmap.TestSsvHttpErrors" name="test_ssv_missing_transaction_id_returns_400" time="0.043" /><testcase classname="tests.test_admob_ssv_and_roadmap.TestSsvHttpErrors" name="test_ssv_bogus_signature_returns_400_signature_invalid" time="0.117" /><testcase classname="tests.test_admob_ssv_and_roadmap.TestSsvHappyPath" name="test_valid_signature_grants_reward_and_persists" time="1.948" /><testcase classname="tests.test_admob_ssv_and_roadmap.TestSsvHappyPath" name="test_dedupe_second_call_returns_already_processed" time="0.005" /><testcase classname="tests.test_admob_ssv_and_roadmap.TestSsvHappyPath" name="test_user_id_fallback_when_custom_data_empty" time="0.006" /><testcase classname="tests.test_admob_ssv_and_roadmap.TestSsvHappyPath" name="test_missing_uid_returns_400" time="0.002" /><testcase classname="tests.test_admob_ssv_and_roadmap.TestRewardedClaimRegression" name="test_claim_requires_user_id" time="0.002" /><testcase classname="tests.test_admob_ssv_and_roadmap.TestRewardedClaimRegression" name="test_claim_premium_no_bonus_needed" time="0.042" /><testcase classname="tests.test_admob_ssv_and_roadmap.TestRewardedClaimRegression" name="test_claim_free_user_grants_bonus" time="0.047" /><testcase classname="tests.test_admob_ssv_and_roadmap.TestRoadmapGenerate" name="test_roadmap_returns_30_days_with_meta" time="9.227" /><testcase classname="tests.test_admob_ssv_and_roadmap.TestRegressionPublicEndpoints" name="test_pricing" time="0.043" /><testcase classname="tests.test_admob_ssv_and_roadmap.TestRegressionPublicEndpoints" name="test_quota" time="0.051" /><testcase classname="tests.test_admob_ssv_and_roadmap.TestRegressionPublicEndpoints" name="test_subscription_verify_fallback" time="0.090" /><testcase classname="tests.test_admob_ssv_and_roadmap.TestRegressionPublicEndpoints" name="test_legal_privacy" time="0.043" /><testcase classname="tests.test_admob_ssv_and_roadmap.TestRegressionPublicEndpoints" name="test_legal_data_deletion" time="0.043" /></testsuite></testsuites>