<?xml version="1.0" encoding="utf-8"?><testsuites name="pytest tests"><testsuite name="pytest" errors="0" failures="0" skipped="0" tests="17" time="164.182" timestamp="2026-06-17T13:01:33.759619+00:00" hostname="agent-env-4671fdba-33c6-4514-8e13-b1dd1998dfa7"><testcase classname="backend.tests.test_phase2_endpoints" name="test_sales_scenarios_shape" time="0.004" /><testcase classname="backend.tests.test_phase2_endpoints" name="test_sales_turn_opening_then_follow_up" time="7.670" /><testcase classname="backend.tests.test_phase2_endpoints" name="test_sales_turn_auto_end_after_target" time="18.794" /><testcase classname="backend.tests.test_phase2_endpoints" name="test_sales_turn_invalid_scenario_404" time="0.043" /><testcase classname="backend.tests.test_phase2_endpoints" name="test_sales_score_session_full_report" time="14.873" /><testcase classname="backend.tests.test_phase2_endpoints" name="test_resume_parse_happy_path" time="5.113" /><testcase classname="backend.tests.test_phase2_endpoints" name="test_resume_parse_non_pdf_returns_400" time="0.043" /><testcase classname="backend.tests.test_phase2_endpoints" name="test_resume_parse_too_large_returns_413" time="0.081" /><testcase classname="backend.tests.test_phase2_endpoints" name="test_resume_parse_empty_pdf_returns_422" time="0.046" /><testcase classname="backend.tests.test_phase2_endpoints" name="test_resume_interview_questions" time="25.598" /><testcase classname="backend.tests.test_phase2_endpoints" name="test_regression_tmay_evaluate" time="11.362" /><testcase classname="backend.tests.test_phase2_endpoints" name="test_regression_roadmap_generate" time="66.608" /><testcase classname="backend.tests.test_phase2_endpoints" name="test_regression_speaking_score_5_axis" time="13.555" /><testcase classname="backend.tests.test_phase2_endpoints" name="test_quota_429_when_user_at_limit[/ai/sales/turn-json-payload0]" time="0.074" /><testcase classname="backend.tests.test_phase2_endpoints" name="test_quota_429_when_user_at_limit[/ai/sales/score-session-json-payload1]" time="0.046" /><testcase classname="backend.tests.test_phase2_endpoints" name="test_quota_429_when_user_at_limit[/ai/resume/parse-file-None]" time="0.046" /><testcase classname="backend.tests.test_phase2_endpoints" name="test_quota_429_when_user_at_limit[/ai/resume/interview-questions-json-payload3]" time="0.046" /></testsuite></testsuites>