<?xml version="1.0" encoding="utf-8"?><testsuites name="pytest tests"><testsuite name="pytest" errors="0" failures="0" skipped="0" tests="20" time="2.272" timestamp="2026-09-16T16:04:32.686021+00:00" hostname="agent-env-4671fdba-33c6-4514-8e13-b1dd1998dfa7"><testcase classname="backend.tests.test_premium_admob_phase1" name="test_pricing" time="0.392" /><testcase classname="backend.tests.test_premium_admob_phase1" name="test_quota_free_user" time="0.096" /><testcase classname="backend.tests.test_premium_admob_phase1" name="test_quota_premium_user" time="0.100" /><testcase classname="backend.tests.test_premium_admob_phase1" name="test_verify_happy_monthly" time="0.087" /><testcase classname="backend.tests.test_premium_admob_phase1" name="test_verify_unknown_sku" time="0.090" /><testcase classname="backend.tests.test_premium_admob_phase1" name="test_verify_missing_user_id" time="0.087" /><testcase classname="backend.tests.test_premium_admob_phase1" name="test_verify_empty_token" time="0.085" /><testcase classname="backend.tests.test_premium_admob_phase1" name="test_restore_existing" time="0.083" /><testcase classname="backend.tests.test_premium_admob_phase1" name="test_restore_nonexistent" time="0.082" /><testcase classname="backend.tests.test_premium_admob_phase1" name="test_rewarded_grant_and_cooldown" time="0.178" /><testcase classname="backend.tests.test_premium_admob_phase1" name="test_rewarded_premium_no_bonus" time="0.089" /><testcase classname="backend.tests.test_premium_admob_phase1" name="test_rewarded_missing_user" time="0.090" /><testcase classname="backend.tests.test_premium_admob_phase1" name="test_fix_files_reachable[billingService.ts]" time="0.090" /><testcase classname="backend.tests.test_premium_admob_phase1" name="test_fix_files_reachable[usageService.ts]" time="0.092" /><testcase classname="backend.tests.test_premium_admob_phase1" name="test_fix_files_reachable[UsageIndicator.tsx]" time="0.088" /><testcase classname="backend.tests.test_premium_admob_phase1" name="test_fix_files_reachable[AdBanner.tsx]" time="0.084" /><testcase classname="backend.tests.test_premium_admob_phase1" name="test_fix_files_reachable[LimitReachedModal.tsx]" time="0.087" /><testcase classname="backend.tests.test_premium_admob_phase1" name="test_fix_files_reachable[PremiumScreen.tsx]" time="0.094" /><testcase classname="backend.tests.test_premium_admob_phase1" name="test_fix_files_reachable[app.json]" time="0.085" /><testcase classname="backend.tests.test_premium_admob_phase1" name="test_app_json_version" time="0.092" /></testsuite></testsuites>