<?xml version="1.0" encoding="utf-8"?><testsuites name="pytest tests"><testsuite name="pytest" errors="0" failures="0" skipped="0" tests="16" time="1.782" timestamp="2026-09-16T22:52:36.225908+00:00" hostname="agent-env-4671fdba-33c6-4514-8e13-b1dd1998dfa7"><testcase classname="backend.tests.test_phase2_legal_and_fixfiles" name="test_legal_privacy_ok" time="0.179" /><testcase classname="backend.tests.test_phase2_legal_and_fixfiles" name="test_legal_privacy_policy_alias_ok" time="0.068" /><testcase classname="backend.tests.test_phase2_legal_and_fixfiles" name="test_legal_data_deletion_ok" time="0.102" /><testcase classname="backend.tests.test_phase2_legal_and_fixfiles" name="test_fix_files_list_includes_phase2" time="0.066" /><testcase classname="backend.tests.test_phase2_legal_and_fixfiles" name="test_fix_files_adsservice_contains_prod_ids" time="0.065" /><testcase classname="backend.tests.test_phase2_legal_and_fixfiles" name="test_fix_files_package_json_served" time="0.066" /><testcase classname="backend.tests.test_phase2_legal_and_fixfiles" name="test_fix_files_app_tsx_served" time="0.076" /><testcase classname="backend.tests.test_phase2_legal_and_fixfiles" name="test_pricing_regression" time="0.072" /><testcase classname="backend.tests.test_phase2_legal_and_fixfiles" name="test_quota_free_and_premium" time="0.155" /><testcase classname="backend.tests.test_phase2_legal_and_fixfiles" name="test_subscription_verify_happy[speakmate_monthly_149-monthly]" time="0.080" /><testcase classname="backend.tests.test_phase2_legal_and_fixfiles" name="test_subscription_verify_happy[speakmate_yearly_799-yearly]" time="0.069" /><testcase classname="backend.tests.test_phase2_legal_and_fixfiles" name="test_subscription_verify_happy[speakmate_lifetime_1499-lifetime]" time="0.082" /><testcase classname="backend.tests.test_phase2_legal_and_fixfiles" name="test_subscription_verify_missing_uid_401" time="0.071" /><testcase classname="backend.tests.test_phase2_legal_and_fixfiles" name="test_subscription_verify_unknown_product_400" time="0.074" /><testcase classname="backend.tests.test_phase2_legal_and_fixfiles" name="test_subscription_restore" time="0.224" /><testcase classname="backend.tests.test_phase2_legal_and_fixfiles" name="test_rewarded_claim_free_and_cooldown_and_premium" time="0.238" /></testsuite></testsuites>