<?xml version="1.0" encoding="utf-8"?><testsuites name="pytest tests"><testsuite name="pytest" errors="0" failures="0" skipped="0" tests="6" time="87.212" timestamp="2026-06-17T12:06:51.756594+00:00" hostname="agent-env-4671fdba-33c6-4514-8e13-b1dd1998dfa7"><testcase classname="tests.test_phase1_endpoints" name="test_system_config" time="0.007" /><testcase classname="tests.test_phase1_endpoints" name="test_tutor_chat_basic" time="4.042" /><testcase classname="tests.test_phase1_endpoints" name="test_tmay_evaluate_full_shape" time="12.021" /><testcase classname="tests.test_phase1_endpoints" name="test_tmay_quota_guard_returns_429" time="0.117" /><testcase classname="tests.test_phase1_endpoints" name="test_roadmap_generate_30_days" time="59.410" /><testcase classname="tests.test_phase1_endpoints" name="test_speaking_score_unified_5axis" time="11.474" /></testsuite></testsuites>